<?xml version="1.0" encoding="UTF-8"?>
<testng-results ignored="0" total="1" passed="1" failed="0" skipped="0">
  <reporter-output>
  </reporter-output>
  <suite started-at="2024-01-17T22:35:08 IST" name="Suite" finished-at="2024-01-17T22:35:25 IST" duration-ms="17554">
    <groups>
    </groups>
    <test started-at="2024-01-17T22:35:08 IST" name="Test" finished-at="2024-01-17T22:35:25 IST" duration-ms="17554">
      <class name="com.wingdent.testScripts.TC_BOOKINGTEST">
        <test-method is-config="true" signature="setBrowser()[pri:0, instance:com.wingdent.testScripts.TC_BOOKINGTEST@34123d65]" started-at="2024-01-17T22:35:08 IST" name="setBrowser" finished-at="2024-01-17T22:35:18 IST" duration-ms="10096" status="PASS">
          <reporter-output>
          </reporter-output>
        </test-method> <!-- setBrowser -->
        <test-method signature="verifyBook()[pri:0, instance:com.wingdent.testScripts.TC_BOOKINGTEST@34123d65]" started-at="2024-01-17T22:35:18 IST" name="verifyBook" finished-at="2024-01-17T22:35:25 IST" duration-ms="7056" status="PASS">
          <reporter-output>
          </reporter-output>
        </test-method> <!-- verifyBook -->
        <test-method is-config="true" signature="tearDown()[pri:0, instance:com.wingdent.testScripts.TC_BOOKINGTEST@34123d65]" started-at="2024-01-17T22:35:25 IST" name="tearDown" finished-at="2024-01-17T22:35:25 IST" duration-ms="319" status="PASS">
          <reporter-output>
          </reporter-output>
        </test-method> <!-- tearDown -->
      </class> <!-- com.wingdent.testScripts.TC_BOOKINGTEST -->
    </test> <!-- Test -->
  </suite> <!-- Suite -->
</testng-results>
